<?xml version="1.0" encoding="UTF-8"?>
<!-- Generated by org.testng.reporters.JUnitReportReporter -->
<testsuite hostname="DESKTOP-HVDPGV2" failures="0" tests="1" name="apiAutomation.StatusCoreTest" time="18.151" errors="0" timestamp="15 Sep 2018 13:06:09 GMT" skipped="0">
  <testcase classname="apiAutomation.StatusCoreTest" name="runTests" time="18.151"/>
</testsuite> <!-- apiAutomation.StatusCoreTest -->
